Using pre-set license
Built from '2020.3/staging' branch; Version is '2020.3.25f1 (9b9180224418) revision 10195328'; Using compiler version '192528614'; Build Type 'Release'
OS: 'Windows 10  (10.0.19044) 64bit Core' Language: 'es' Physical Memory: 8080 MB
BatchMode: 1, IsHumanControllingUs: 0, StartBugReporterOnCrash: 0, Is64bit: 1, IsPro: 0

COMMAND LINE ARGUMENTS:
C:\Program Files\Unity\Hub\Editor\2020.3.25f1\Editor\Unity.exe
-adb2
-batchMode
-noUpm
-name
AssetImportWorker0
-projectPath
C:/Users/javiw/Dungeon keepers Project
-logFile
Logs/AssetImportWorker0.log
-srvPort
58330
Successfully changed project path to: C:/Users/javiw/Dungeon keepers Project
C:/Users/javiw/Dungeon keepers Project
Using Asset Import Pipeline V2.
Refreshing native plugins compatible for Editor in 69.41 ms, found 2 plugins.
Preloading 0 native plugins for Editor in 0.00 ms.
Initialize engine version: 2020.3.25f1 (9b9180224418)
[Subsystems] Discovering subsystems at path C:/Program Files/Unity/Hub/Editor/2020.3.25f1/Editor/Data/Resources/UnitySubsystems
[Subsystems] Discovering subsystems at path C:/Users/javiw/Dungeon keepers Project/Assets
GfxDevice: creating device client; threaded=0
Direct3D:
    Version:  Direct3D 11.0 [level 11.1]
    Renderer: NVIDIA GeForce GTX 1050 Ti (ID=0x1c8c)
    Vendor:   
    VRAM:     4018 MB
    Driver:   30.0.15.1179
Initialize mono
Mono path[0] = 'C:/Program Files/Unity/Hub/Editor/2020.3.25f1/Editor/Data/Managed'
Mono path[1] = 'C:/Program Files/Unity/Hub/Editor/2020.3.25f1/Editor/Data/MonoBleedingEdge/lib/mono/unityjit'
Mono config path = 'C:/Program Files/Unity/Hub/Editor/2020.3.25f1/Editor/Data/MonoBleedingEdge/etc'
Using monoOptions --debugger-agent=transport=dt_socket,embedding=1,server=y,suspend=n,address=127.0.0.1:56028
Begin MonoManager ReloadAssembly
Registering precompiled unity dll's ...
Register platform support module: C:/Program Files/Unity/Hub/Editor/2020.3.25f1/Editor/Data/PlaybackEngines/WebGLSupport/UnityEditor.WebGL.Extensions.dll
Register platform support module: C:/Program Files/Unity/Hub/Editor/2020.3.25f1/Editor/Data/PlaybackEngines/WindowsStandaloneSupport/UnityEditor.WindowsStandalone.Extensions.dll
Registered in 0.003746 seconds.
Native extension for WindowsStandalone target not found
Native extension for WebGL target not found
Refreshing native plugins compatible for Editor in 64.87 ms, found 2 plugins.
Preloading 0 native plugins for Editor in 0.00 ms.
Mono: successfully reloaded assembly
- Completed reload, in  0.920 seconds
Domain Reload Profiling:
	ReloadAssembly (921ms)
		BeginReloadAssembly (76ms)
			ExecutionOrderSort (0ms)
			DisableScriptedObjects (0ms)
			BackupInstance (0ms)
			ReleaseScriptingObjects (0ms)
			CreateAndSetChildDomain (1ms)
		EndReloadAssembly (735ms)
			LoadAssemblies (74ms)
			RebuildTransferFunctionScriptingTraits (0ms)
			SetupTypeCache (240ms)
			ReleaseScriptCaches (0ms)
			RebuildScriptCaches (51ms)
			SetupLoadedEditorAssemblies (285ms)
				LogAssemblyErrors (0ms)
				InitializePlatformSupportModulesInManaged (8ms)
				SetLoadedEditorAssemblies (0ms)
				RefreshPlugins (65ms)
				BeforeProcessingInitializeOnLoad (24ms)
				ProcessInitializeOnLoadAttributes (139ms)
				ProcessInitializeOnLoadMethodAttributes (48ms)
				AfterProcessingInitializeOnLoad (0ms)
				EditorAssembliesLoaded (0ms)
			ExecutionOrderSort2 (0ms)
			AwakeInstancesAfterBackupRestoration (0ms)
Platform modules already initialized, skipping
Registering precompiled user dll's ...
Registered in 0.008318 seconds.
Begin MonoManager ReloadAssembly
Native extension for WindowsStandalone target not found
Native extension for WebGL target not found
Refreshing native plugins compatible for Editor in 65.76 ms, found 2 plugins.
Preloading 0 native plugins for Editor in 0.00 ms.
Mono: successfully reloaded assembly
- Completed reload, in  1.897 seconds
Domain Reload Profiling:
	ReloadAssembly (1899ms)
		BeginReloadAssembly (232ms)
			ExecutionOrderSort (0ms)
			DisableScriptedObjects (8ms)
			BackupInstance (0ms)
			ReleaseScriptingObjects (0ms)
			CreateAndSetChildDomain (27ms)
		EndReloadAssembly (1563ms)
			LoadAssemblies (144ms)
			RebuildTransferFunctionScriptingTraits (0ms)
			SetupTypeCache (503ms)
			ReleaseScriptCaches (1ms)
			RebuildScriptCaches (82ms)
			SetupLoadedEditorAssemblies (626ms)
				LogAssemblyErrors (0ms)
				InitializePlatformSupportModulesInManaged (7ms)
				SetLoadedEditorAssemblies (0ms)
				RefreshPlugins (66ms)
				BeforeProcessingInitializeOnLoad (113ms)
				ProcessInitializeOnLoadAttributes (414ms)
				ProcessInitializeOnLoadMethodAttributes (13ms)
				AfterProcessingInitializeOnLoad (11ms)
				EditorAssembliesLoaded (0ms)
			ExecutionOrderSort2 (0ms)
			AwakeInstancesAfterBackupRestoration (10ms)
Platform modules already initialized, skipping
========================================================================
Worker process is ready to serve import requests
Launched and connected shader compiler UnityShaderCompiler.exe after 0.13 seconds
Refreshing native plugins compatible for Editor in 0.51 ms, found 2 plugins.
Preloading 0 native plugins for Editor in 0.00 ms.
Unloading 1841 Unused Serialized files (Serialized files now loaded: 0)
System memory in use before: 81.2 MB.
System memory in use after: 81.3 MB.

Unloading 22 unused Assets to reduce memory usage. Loaded Objects now: 2274.
Total: 4.452400 ms (FindLiveObjects: 0.208500 ms CreateObjectMapping: 0.100600 ms MarkObjects: 4.042700 ms  DeleteObjects: 0.098500 ms)

AssetImportParameters requested are different than current active one (requested -> active):
  custom:framework-win-MediaFoundation: 216162199b28c13a410421893ffa2e32 -> 
  custom:video-decoder-ogg-theora: a1e56fd34408186e4bbccfd4996cb3dc -> 
  custom:container-muxer-webm: aa71ff27fc2769a1b78a27578f13a17b -> 
  custom:container-demuxer-webm: 4f35f7cbe854078d1ac9338744f61a02 -> 
  custom:container-demuxer-ogg: 62fdf1f143b41e24485cea50d1cbac27 -> 
  custom:video-encoder-webm-vp8: eb34c28f22e8b96e1ab97ce403110664 -> 
  custom:video-decoder-webm-vp8: 9c59270c3fd7afecdb556c50c9e8de78 -> 
  custom:audio-decoder-ogg-vorbis: bf7c407c2cedff20999df2af8eb42d56 -> 
  custom:audio-encoder-webm-vorbis: bf7c407c2cedff20999df2af8eb42d56 -> 
========================================================================
Received Import Request.
  path: Assets/Scripts/Board/SelectTile.cs
  artifactKey: Guid(f0ac6899e4d63bd4fb5aeefd8cd22242) Importer(815301076,1909f56bfc062723c751e8b465ee728b)
Start importing Assets/Scripts/Board/SelectTile.cs using Guid(f0ac6899e4d63bd4fb5aeefd8cd22242) Importer(815301076,1909f56bfc062723c751e8b465ee728b)  -> (artifact id: 'bf79603fb259ceecd2c4527f95676344') in 0.062093 seconds 
  Import took 0.067665 seconds .

========================================================================
Received Prepare
Registering precompiled user dll's ...
Registered in 0.380779 seconds.
Begin MonoManager ReloadAssembly
Native extension for WindowsStandalone target not found
Native extension for WebGL target not found
Refreshing native plugins compatible for Editor in 100.13 ms, found 2 plugins.
Preloading 0 native plugins for Editor in 0.00 ms.
Mono: successfully reloaded assembly
- Completed reload, in  1.997 seconds
Domain Reload Profiling:
	ReloadAssembly (1998ms)
		BeginReloadAssembly (191ms)
			ExecutionOrderSort (0ms)
			DisableScriptedObjects (8ms)
			BackupInstance (0ms)
			ReleaseScriptingObjects (0ms)
			CreateAndSetChildDomain (57ms)
		EndReloadAssembly (1698ms)
			LoadAssemblies (156ms)
			RebuildTransferFunctionScriptingTraits (0ms)
			SetupTypeCache (595ms)
			ReleaseScriptCaches (1ms)
			RebuildScriptCaches (66ms)
			SetupLoadedEditorAssemblies (634ms)
				LogAssemblyErrors (0ms)
				InitializePlatformSupportModulesInManaged (9ms)
				SetLoadedEditorAssemblies (0ms)
				RefreshPlugins (100ms)
				BeforeProcessingInitializeOnLoad (113ms)
				ProcessInitializeOnLoadAttributes (385ms)
				ProcessInitializeOnLoadMethodAttributes (15ms)
				AfterProcessingInitializeOnLoad (12ms)
				EditorAssembliesLoaded (1ms)
			ExecutionOrderSort2 (0ms)
			AwakeInstancesAfterBackupRestoration (12ms)
Platform modules already initialized, skipping
Shader 'Universal Render Pipeline/Nature/SpeedTree7': dependency 'BillboardShader' shader 'Universal Render Pipeline/Nature/SpeedTree7 Billboard' not found
Shader 'Universal Render Pipeline/Baked Lit': fallback shader 'Universal Render Pipeline/Unlit' not found
Shader 'Universal Render Pipeline/Simple Lit': fallback shader 'Hidden/Universal Render Pipeline/FallbackError' not found
Shader 'Universal Render Pipeline/Terrain/Lit': fallback shader 'Hidden/Universal Render Pipeline/FallbackError' not found
Shader 'Universal Render Pipeline/Terrain/Lit': dependency 'AddPassShader' shader 'Hidden/Universal Render Pipeline/Terrain/Lit (Add Pass)' not found
Shader 'Universal Render Pipeline/Terrain/Lit': dependency 'BaseMapShader' shader 'Hidden/Universal Render Pipeline/Terrain/Lit (Base Pass)' not found
Shader 'Universal Render Pipeline/Terrain/Lit': dependency 'BaseMapGenShader' shader 'Hidden/Universal Render Pipeline/Terrain/Lit (Basemap Gen)' not found
Shader 'Hidden/Universal Render Pipeline/Terrain/Lit (Add Pass)': fallback shader 'Hidden/Universal Render Pipeline/FallbackError' not found
Shader 'Hidden/Universal Render Pipeline/Terrain/Lit (Base Pass)': fallback shader 'Hidden/Universal Render Pipeline/FallbackError' not found
Refreshing native plugins compatible for Editor in 0.92 ms, found 2 plugins.
Preloading 0 native plugins for Editor in 0.00 ms.
Unloading 3091 Unused Serialized files (Serialized files now loaded: 0)
System memory in use before: 131.5 MB.
System memory in use after: 127.2 MB.

Unloading 72 unused Assets to reduce memory usage. Loaded Objects now: 3475.
Total: 8.672300 ms (FindLiveObjects: 0.399500 ms CreateObjectMapping: 0.261200 ms MarkObjects: 5.087300 ms  DeleteObjects: 2.922600 ms)

AssetImportParameters requested are different than current active one (requested -> active):
  custom:framework-win-MediaFoundation: 216162199b28c13a410421893ffa2e32 -> 
  custom:video-decoder-ogg-theora: a1e56fd34408186e4bbccfd4996cb3dc -> 
  custom:container-muxer-webm: aa71ff27fc2769a1b78a27578f13a17b -> 
  custom:container-demuxer-webm: 4f35f7cbe854078d1ac9338744f61a02 -> 
  custom:container-demuxer-ogg: 62fdf1f143b41e24485cea50d1cbac27 -> 
  custom:video-encoder-webm-vp8: eb34c28f22e8b96e1ab97ce403110664 -> 
  custom:video-decoder-webm-vp8: 9c59270c3fd7afecdb556c50c9e8de78 -> 
  custom:audio-decoder-ogg-vorbis: bf7c407c2cedff20999df2af8eb42d56 -> 
  custom:audio-encoder-webm-vorbis: bf7c407c2cedff20999df2af8eb42d56 -> 
========================================================================
Received Import Request.
  Time since last request: 1301.976479 seconds.
  path: Assets/3D/HexTile1.fbx
  artifactKey: Guid(654b119643fb79345a05119c7447d465) Importer(815301076,1909f56bfc062723c751e8b465ee728b)
Start importing Assets/3D/HexTile1.fbx using Guid(654b119643fb79345a05119c7447d465) Importer(815301076,1909f56bfc062723c751e8b465ee728b)  -> (artifact id: '67e072ff4fd360cfd9951517ce36cfa0') in 0.352486 seconds 
  Import took 0.361712 seconds .

========================================================================
Received Import Request.
  Time since last request: 6.771783 seconds.
  path: Assets/3D/character_base.fbx
  artifactKey: Guid(4b957d5462b94dd4498e1df4d61cc7e6) Importer(815301076,1909f56bfc062723c751e8b465ee728b)
Start importing Assets/3D/character_base.fbx using Guid(4b957d5462b94dd4498e1df4d61cc7e6) Importer(815301076,1909f56bfc062723c751e8b465ee728b)  -> (artifact id: 'fa6fb266fd2dce8a59af7a74671cd480') in 0.031730 seconds 
  Import took 0.038794 seconds .

========================================================================
Received Import Request.
  Time since last request: 153.738921 seconds.
  path: Assets/3D/Materials/Standard tile.mat
  artifactKey: Guid(11df6aa61f65be74b82dbde3f096d910) Importer(815301076,1909f56bfc062723c751e8b465ee728b)
Start importing Assets/3D/Materials/Standard tile.mat using Guid(11df6aa61f65be74b82dbde3f096d910) Importer(815301076,1909f56bfc062723c751e8b465ee728b)  -> (artifact id: '3649d899acf33573ff4084fbb63560ce') in 0.071749 seconds 
  Import took 0.080040 seconds .

========================================================================
Received Import Request.
  Time since last request: 0.000435 seconds.
  path: Assets/3D/Materials/Start tile.mat
  artifactKey: Guid(65664a462dc1de14f900bcbcfbf5adc9) Importer(815301076,1909f56bfc062723c751e8b465ee728b)
Start importing Assets/3D/Materials/Start tile.mat using Guid(65664a462dc1de14f900bcbcfbf5adc9) Importer(815301076,1909f56bfc062723c751e8b465ee728b)  -> (artifact id: '11be5d9d5c96686664571c2e1c453cd8') in 0.070713 seconds 
  Import took 0.077832 seconds .

========================================================================
Received Import Request.
  Time since last request: 42.414227 seconds.
  path: Assets/3D/Materials/Character Base.mat
  artifactKey: Guid(b3ea8ab13c0258f44be5bce3dcfbc7f9) Importer(815301076,1909f56bfc062723c751e8b465ee728b)
Start importing Assets/3D/Materials/Character Base.mat using Guid(b3ea8ab13c0258f44be5bce3dcfbc7f9) Importer(815301076,1909f56bfc062723c751e8b465ee728b)  -> (artifact id: '40d9a075476216a9c17d2e352cf2d261') in 0.027635 seconds 
  Import took 0.035434 seconds .

========================================================================
Received Import Request.
  Time since last request: 356.397168 seconds.
  path: Assets/3D/Materials/Character Base.mat
  artifactKey: Guid(b3ea8ab13c0258f44be5bce3dcfbc7f9) Importer(815301076,1909f56bfc062723c751e8b465ee728b)
Start importing Assets/3D/Materials/Character Base.mat using Guid(b3ea8ab13c0258f44be5bce3dcfbc7f9) Importer(815301076,1909f56bfc062723c751e8b465ee728b)  -> (artifact id: '4b8e4b1c9d8d62086aafe8fc9c158eb4') in 0.026146 seconds 
  Import took 0.034598 seconds .

========================================================================
Received Import Request.
  Time since last request: 0.000279 seconds.
  path: Assets/3D/Materials/Door tile.mat
  artifactKey: Guid(012aab36c52e9ae4199e2fdb51cb3306) Importer(815301076,1909f56bfc062723c751e8b465ee728b)
Start importing Assets/3D/Materials/Door tile.mat using Guid(012aab36c52e9ae4199e2fdb51cb3306) Importer(815301076,1909f56bfc062723c751e8b465ee728b)  -> (artifact id: '7940bfdeb6ccdba67a6c5929a1dd01b8') in 0.022536 seconds 
  Import took 0.031027 seconds .

========================================================================
Received Import Request.
  Time since last request: 0.000381 seconds.
  path: Assets/3D/Materials/Standard tile.mat
  artifactKey: Guid(11df6aa61f65be74b82dbde3f096d910) Importer(815301076,1909f56bfc062723c751e8b465ee728b)
Start importing Assets/3D/Materials/Standard tile.mat using Guid(11df6aa61f65be74b82dbde3f096d910) Importer(815301076,1909f56bfc062723c751e8b465ee728b)  -> (artifact id: 'fa5b79db206ca0e0841d953257b70b36') in 0.017906 seconds 
  Import took 0.025324 seconds .

========================================================================
Received Import Request.
  Time since last request: 0.000367 seconds.
  path: Assets/3D/Materials/Start tile.mat
  artifactKey: Guid(65664a462dc1de14f900bcbcfbf5adc9) Importer(815301076,1909f56bfc062723c751e8b465ee728b)
Start importing Assets/3D/Materials/Start tile.mat using Guid(65664a462dc1de14f900bcbcfbf5adc9) Importer(815301076,1909f56bfc062723c751e8b465ee728b)  -> (artifact id: '33f4bae63d55038ce63bd888475f246e') in 0.018402 seconds 
  Import took 0.025618 seconds .

========================================================================
Received Import Request.
  Time since last request: 0.000340 seconds.
  path: Assets/3D/Materials/End tile.mat
  artifactKey: Guid(ce26477026acb894bae5b380a4cc0234) Importer(815301076,1909f56bfc062723c751e8b465ee728b)
Start importing Assets/3D/Materials/End tile.mat using Guid(ce26477026acb894bae5b380a4cc0234) Importer(815301076,1909f56bfc062723c751e8b465ee728b)  -> (artifact id: '7fa3339dadaecddb5f2c8cd84523efcc') in 0.018988 seconds 
  Import took 0.025840 seconds .

========================================================================
Received Import Request.
  Time since last request: 598.786711 seconds.
  path: Assets/3D/Glow shader.shadergraph
  artifactKey: Guid(62ce32f41c948734cb26cd8709cd4d5f) Importer(815301076,1909f56bfc062723c751e8b465ee728b)
Start importing Assets/3D/Glow shader.shadergraph using Guid(62ce32f41c948734cb26cd8709cd4d5f) Importer(815301076,1909f56bfc062723c751e8b465ee728b)  -> (artifact id: 'a6882ce948af71fab5abeb57c5efd2c2') in 0.015394 seconds 
  Import took 0.023837 seconds .

AssetImportWorkerClient::OnTransportError - code=2 error=End of file
